CRITICAL - 2026-01-13 03:56:05 --> ErrorException: Undefined variable $drinks
[Method: GET, Route: kiosko]
in APPPATH\Views\kiosko\builder.php on line 146.
 1 APPPATH\Views\kiosko\builder.php(146): CodeIgniter\Debug\Exceptions->errorHandler(2, 'Undefined variable $drinks', 'D:\\xampp\\htdocs\\KioskoDigitalc4\\app\\Views\\kiosko\\builder.php', 146)
 2 SYSTEMPATH\View\View.php(226): include('D:\\xampp\\htdocs\\KioskoDigitalc4\\app\\Views\\kiosko\\builder.php')
 3 SYSTEMPATH\View\View.php(229): CodeIgniter\View\View->CodeIgniter\View\{closure}()
 4 SYSTEMPATH\Common.php(1199): CodeIgniter\View\View->render('kiosko/builder', [], true)
 5 APPPATH\Controllers\Kiosko.php(42): view('kiosko/builder', [...])
 6 SYSTEMPATH\CodeIgniter.php(933): App\Controllers\Kiosko->index()
 7 SYSTEMPATH\CodeIgniter.php(507): CodeIgniter\CodeIgniter->runController(Object(App\Controllers\Kiosko))
 8 SYSTEMPATH\CodeIgniter.php(354): CodeIgniter\CodeIgniter->handleRequest(null, Object(Config\Cache), false)
 9 SYSTEMPATH\Boot.php(363): CodeIgniter\CodeIgniter->run()
10 SYSTEMPATH\Boot.php(68): CodeIgniter\Boot::runCodeIgniter(Object(CodeIgniter\CodeIgniter))
11 FCPATH\index.php(59): CodeIgniter\Boot::bootWeb(Object(Config\Paths))
CRITICAL - 2026-01-13 22:48:55 --> ErrorException: mkdir(): No such file or directory
[Method: GET, Route: /]
in SYSTEMPATH\Session\Handlers\FileHandler.php on line 98.
 1 [internal function]: CodeIgniter\Debug\Exceptions->errorHandler(2, 'mkdir(): No such file or directory', 'C:\\xampp\\htdocs\\KioskoDigitalc4\\system\\Session\\Handlers\\FileHandler.php', 98)
 2 SYSTEMPATH\Session\Handlers\FileHandler.php(98): mkdir('d:/xampp/tmp', 448, true)
 3 [internal function]: CodeIgniter\Session\Handlers\FileHandler->open('d:/xampp/tmp', 'ci_session')
 4 SYSTEMPATH\Session\Session.php(912): session_start()
 5 SYSTEMPATH\Session\Session.php(243): CodeIgniter\Session\Session->startSession()
 6 SYSTEMPATH\Config\Services.php(715): CodeIgniter\Session\Session->start()
 7 SYSTEMPATH\Config\BaseService.php(312): CodeIgniter\Config\Services::session(Object(Config\Session), false)
 8 SYSTEMPATH\Config\BaseService.php(251): CodeIgniter\Config\BaseService::__callStatic('session', [...])
 9 SYSTEMPATH\Config\Services.php(668): CodeIgniter\Config\BaseService::getSharedInstance('session', null)
10 SYSTEMPATH\Config\BaseService.php(321): CodeIgniter\Config\Services::session()
11 SYSTEMPATH\Config\BaseService.php(202): CodeIgniter\Config\BaseService::__callStatic('session', [])
12 SYSTEMPATH\Common.php(1027): CodeIgniter\Config\BaseService::get('session')
13 SYSTEMPATH\Common.php(1000): service('session')
14 APPPATH\Controllers\Home.php(43): session('reviews')
15 SYSTEMPATH\CodeIgniter.php(933): App\Controllers\Home->index()
16 SYSTEMPATH\CodeIgniter.php(507): CodeIgniter\CodeIgniter->runController(Object(App\Controllers\Home))
17 SYSTEMPATH\CodeIgniter.php(354): CodeIgniter\CodeIgniter->handleRequest(null, Object(Config\Cache), false)
18 SYSTEMPATH\Boot.php(363): CodeIgniter\CodeIgniter->run()
19 SYSTEMPATH\Boot.php(68): CodeIgniter\Boot::runCodeIgniter(Object(CodeIgniter\CodeIgniter))
20 FCPATH\index.php(59): CodeIgniter\Boot::bootWeb(Object(Config\Paths))
CRITICAL - 2026-01-13 22:52:35 --> ErrorException: mkdir(): No such file or directory
[Method: GET, Route: /]
in SYSTEMPATH\Session\Handlers\FileHandler.php on line 101.
 1 [internal function]: CodeIgniter\Debug\Exceptions->errorHandler(2, 'mkdir(): No such file or directory', 'C:\\xampp\\htdocs\\KioskoDigitalc4\\system\\Session\\Handlers\\FileHandler.php', 101)
 2 SYSTEMPATH\Session\Handlers\FileHandler.php(101): mkdir('d:/xampp/tmp', 493, true)
 3 [internal function]: CodeIgniter\Session\Handlers\FileHandler->open('d:/xampp/tmp', 'ci_session')
 4 SYSTEMPATH\Session\Session.php(912): session_start()
 5 SYSTEMPATH\Session\Session.php(243): CodeIgniter\Session\Session->startSession()
 6 SYSTEMPATH\Config\Services.php(715): CodeIgniter\Session\Session->start()
 7 SYSTEMPATH\Config\BaseService.php(312): CodeIgniter\Config\Services::session(Object(Config\Session), false)
 8 SYSTEMPATH\Config\BaseService.php(251): CodeIgniter\Config\BaseService::__callStatic('session', [...])
 9 SYSTEMPATH\Config\Services.php(668): CodeIgniter\Config\BaseService::getSharedInstance('session', null)
10 SYSTEMPATH\Config\BaseService.php(321): CodeIgniter\Config\Services::session()
11 SYSTEMPATH\Config\BaseService.php(202): CodeIgniter\Config\BaseService::__callStatic('session', [])
12 SYSTEMPATH\Common.php(1027): CodeIgniter\Config\BaseService::get('session')
13 SYSTEMPATH\Common.php(1000): service('session')
14 APPPATH\Controllers\Home.php(43): session('reviews')
15 SYSTEMPATH\CodeIgniter.php(933): App\Controllers\Home->index()
16 SYSTEMPATH\CodeIgniter.php(507): CodeIgniter\CodeIgniter->runController(Object(App\Controllers\Home))
17 SYSTEMPATH\CodeIgniter.php(354): CodeIgniter\CodeIgniter->handleRequest(null, Object(Config\Cache), false)
18 SYSTEMPATH\Boot.php(363): CodeIgniter\CodeIgniter->run()
19 SYSTEMPATH\Boot.php(68): CodeIgniter\Boot::runCodeIgniter(Object(CodeIgniter\CodeIgniter))
20 FCPATH\index.php(59): CodeIgniter\Boot::bootWeb(Object(Config\Paths))
CRITICAL - 2026-01-13 22:54:10 --> ErrorException: mkdir(): No such file or directory
[Method: GET, Route: /]
in SYSTEMPATH\Session\Handlers\FileHandler.php on line 98.
 1 [internal function]: CodeIgniter\Debug\Exceptions->errorHandler(2, 'mkdir(): No such file or directory', 'C:\\xampp\\htdocs\\KioskoDigitalc4\\system\\Session\\Handlers\\FileHandler.php', 98)
 2 SYSTEMPATH\Session\Handlers\FileHandler.php(98): mkdir('d:/xampp/tmp', 448, true)
 3 [internal function]: CodeIgniter\Session\Handlers\FileHandler->open('d:/xampp/tmp', 'ci_session')
 4 SYSTEMPATH\Session\Session.php(912): session_start()
 5 SYSTEMPATH\Session\Session.php(243): CodeIgniter\Session\Session->startSession()
 6 SYSTEMPATH\Config\Services.php(715): CodeIgniter\Session\Session->start()
 7 SYSTEMPATH\Config\BaseService.php(312): CodeIgniter\Config\Services::session(Object(Config\Session), false)
 8 SYSTEMPATH\Config\BaseService.php(251): CodeIgniter\Config\BaseService::__callStatic('session', [...])
 9 SYSTEMPATH\Config\Services.php(668): CodeIgniter\Config\BaseService::getSharedInstance('session', null)
10 SYSTEMPATH\Config\BaseService.php(321): CodeIgniter\Config\Services::session()
11 SYSTEMPATH\Config\BaseService.php(202): CodeIgniter\Config\BaseService::__callStatic('session', [])
12 SYSTEMPATH\Common.php(1027): CodeIgniter\Config\BaseService::get('session')
13 SYSTEMPATH\Common.php(1000): service('session')
14 APPPATH\Controllers\Home.php(43): session('reviews')
15 SYSTEMPATH\CodeIgniter.php(933): App\Controllers\Home->index()
16 SYSTEMPATH\CodeIgniter.php(507): CodeIgniter\CodeIgniter->runController(Object(App\Controllers\Home))
17 SYSTEMPATH\CodeIgniter.php(354): CodeIgniter\CodeIgniter->handleRequest(null, Object(Config\Cache), false)
18 SYSTEMPATH\Boot.php(363): CodeIgniter\CodeIgniter->run()
19 SYSTEMPATH\Boot.php(68): CodeIgniter\Boot::runCodeIgniter(Object(CodeIgniter\CodeIgniter))
20 FCPATH\index.php(59): CodeIgniter\Boot::bootWeb(Object(Config\Paths))
