ERROR - 2026-02-08 12:34:24 --> mysqli_sql_exception: Column 'email' cannot be null in C:\xampp\htdocs\KioskoDigitalc4\system\Database\MySQLi\Connection.php:327
Stack trace:
#0 C:\xampp\htdocs\KioskoDigitalc4\system\Database\MySQLi\Connection.php(327): mysqli->query('INSERT INTO `us...', 0)
#1 C:\xampp\htdocs\KioskoDigitalc4\system\Database\BaseConnection.php(729): CodeIgniter\Database\MySQLi\Connection->execute('INSERT INTO `us...')
#2 C:\xampp\htdocs\KioskoDigitalc4\system\Database\BaseConnection.php(646): CodeIgniter\Database\BaseConnection->simpleQuery('INSERT INTO `us...')
#3 C:\xampp\htdocs\KioskoDigitalc4\system\Database\BaseBuilder.php(2345): CodeIgniter\Database\BaseConnection->query('INSERT INTO `us...', Array, false)
#4 C:\xampp\htdocs\KioskoDigitalc4\system\Model.php(394): CodeIgniter\Database\BaseBuilder->insert()
#5 C:\xampp\htdocs\KioskoDigitalc4\system\BaseModel.php(838): CodeIgniter\Model->doInsert(Array)
#6 C:\xampp\htdocs\KioskoDigitalc4\system\Model.php(797): CodeIgniter\BaseModel->insert(Array, false)
#7 C:\xampp\htdocs\KioskoDigitalc4\system\BaseModel.php(751): CodeIgniter\Model->insert(Array, false)
#8 C:\xampp\htdocs\KioskoDigitalc4\app\Controllers\User.php(151): CodeIgniter\BaseModel->save(Array)
#9 C:\xampp\htdocs\KioskoDigitalc4\system\CodeIgniter.php(933): App\Controllers\User->create()
#10 C:\xampp\htdocs\KioskoDigitalc4\system\CodeIgniter.php(507): CodeIgniter\CodeIgniter->runController(Object(App\Controllers\User))
#11 C:\xampp\htdocs\KioskoDigitalc4\system\CodeIgniter.php(354): CodeIgniter\CodeIgniter->handleRequest(NULL, Object(Config\Cache), false)
#12 C:\xampp\htdocs\KioskoDigitalc4\system\Boot.php(363): CodeIgniter\CodeIgniter->run()
#13 C:\xampp\htdocs\KioskoDigitalc4\system\Boot.php(68): CodeIgniter\Boot::runCodeIgniter(Object(CodeIgniter\CodeIgniter))
#14 C:\xampp\htdocs\KioskoDigitalc4\public\index.php(59): CodeIgniter\Boot::bootWeb(Object(Config\Paths))
#15 {main}
CRITICAL - 2026-02-08 12:34:24 --> CodeIgniter\Database\Exceptions\DatabaseException: Column 'email' cannot be null
[Method: POST, Route: auth/create]
in SYSTEMPATH\Database\BaseConnection.php on line 684.
 1 SYSTEMPATH\Database\BaseBuilder.php(2345): CodeIgniter\Database\BaseConnection->query('INSERT INTO `users` (`name`, `email`, `password_hash`, `phone`, `address`, `created_at`, `updated_at`) VALUES (:name:, :email:, :password_hash:, :phone:, :address:, :created_at:, :updated_at:)', [...], false)
 2 SYSTEMPATH\Model.php(394): CodeIgniter\Database\BaseBuilder->insert()
 3 SYSTEMPATH\BaseModel.php(838): CodeIgniter\Model->doInsert([...])
 4 SYSTEMPATH\Model.php(797): CodeIgniter\BaseModel->insert([...], false)
 5 SYSTEMPATH\BaseModel.php(751): CodeIgniter\Model->insert([...], false)
 6 APPPATH\Controllers\User.php(151): CodeIgniter\BaseModel->save([...])
 7 SYSTEMPATH\CodeIgniter.php(933): App\Controllers\User->create()
 8 SYSTEMPATH\CodeIgniter.php(507): CodeIgniter\CodeIgniter->runController(Object(App\Controllers\User))
 9 SYSTEMPATH\CodeIgniter.php(354): CodeIgniter\CodeIgniter->handleRequest(null, Object(Config\Cache), false)
10 SYSTEMPATH\Boot.php(363): CodeIgniter\CodeIgniter->run()
11 SYSTEMPATH\Boot.php(68): CodeIgniter\Boot::runCodeIgniter(Object(CodeIgniter\CodeIgniter))
12 FCPATH\index.php(59): CodeIgniter\Boot::bootWeb(Object(Config\Paths))
CRITICAL - 2026-02-08 12:34:24 --> [Caused by] CodeIgniter\Database\Exceptions\DatabaseException: Column 'email' cannot be null
in SYSTEMPATH\Database\MySQLi\Connection.php on line 332.
 1 SYSTEMPATH\Database\BaseConnection.php(729): CodeIgniter\Database\MySQLi\Connection->execute('INSERT INTO `users` (`name`, `email`, `password_hash`, `phone`, `address`, `created_at`, `updated_at`) VALUES (\'jin\', NULL, \'$2y$10$x1YgAc5usQE16As7W5Cw9.bJ4Wyu4/cxwF09VBYBbAxPEYEbBDvIy\', \'04126980234\', \'https://www.google.com/maps?q=10.6092993,-66.8508968&z=17&hl=es\', \'2026-02-08 12:34:23\', \'2026-02-08 12:34:23\')')
 2 SYSTEMPATH\Database\BaseConnection.php(646): CodeIgniter\Database\BaseConnection->simpleQuery('INSERT INTO `users` (`name`, `email`, `password_hash`, `phone`, `address`, `created_at`, `updated_at`) VALUES (\'jin\', NULL, \'$2y$10$x1YgAc5usQE16As7W5Cw9.bJ4Wyu4/cxwF09VBYBbAxPEYEbBDvIy\', \'04126980234\', \'https://www.google.com/maps?q=10.6092993,-66.8508968&z=17&hl=es\', \'2026-02-08 12:34:23\', \'2026-02-08 12:34:23\')')
 3 SYSTEMPATH\Database\BaseBuilder.php(2345): CodeIgniter\Database\BaseConnection->query('INSERT INTO `users` (`name`, `email`, `password_hash`, `phone`, `address`, `created_at`, `updated_at`) VALUES (:name:, :email:, :password_hash:, :phone:, :address:, :created_at:, :updated_at:)', [...], false)
 4 SYSTEMPATH\Model.php(394): CodeIgniter\Database\BaseBuilder->insert()
 5 SYSTEMPATH\BaseModel.php(838): CodeIgniter\Model->doInsert([...])
 6 SYSTEMPATH\Model.php(797): CodeIgniter\BaseModel->insert([...], false)
 7 SYSTEMPATH\BaseModel.php(751): CodeIgniter\Model->insert([...], false)
 8 APPPATH\Controllers\User.php(151): CodeIgniter\BaseModel->save([...])
 9 SYSTEMPATH\CodeIgniter.php(933): App\Controllers\User->create()
10 SYSTEMPATH\CodeIgniter.php(507): CodeIgniter\CodeIgniter->runController(Object(App\Controllers\User))
11 SYSTEMPATH\CodeIgniter.php(354): CodeIgniter\CodeIgniter->handleRequest(null, Object(Config\Cache), false)
12 SYSTEMPATH\Boot.php(363): CodeIgniter\CodeIgniter->run()
13 SYSTEMPATH\Boot.php(68): CodeIgniter\Boot::runCodeIgniter(Object(CodeIgniter\CodeIgniter))
14 FCPATH\index.php(59): CodeIgniter\Boot::bootWeb(Object(Config\Paths))
CRITICAL - 2026-02-08 12:34:24 --> [Caused by] mysqli_sql_exception: Column 'email' cannot be null
in SYSTEMPATH\Database\MySQLi\Connection.php on line 327.
 1 SYSTEMPATH\Database\MySQLi\Connection.php(327): mysqli->query('INSERT INTO `users` (`name`, `email`, `password_hash`, `phone`, `address`, `created_at`, `updated_at`) VALUES (\'jin\', NULL, \'$2y$10$x1YgAc5usQE16As7W5Cw9.bJ4Wyu4/cxwF09VBYBbAxPEYEbBDvIy\', \'04126980234\', \'https://www.google.com/maps?q=10.6092993,-66.8508968&z=17&hl=es\', \'2026-02-08 12:34:23\', \'2026-02-08 12:34:23\')', 0)
 2 SYSTEMPATH\Database\BaseConnection.php(729): CodeIgniter\Database\MySQLi\Connection->execute('INSERT INTO `users` (`name`, `email`, `password_hash`, `phone`, `address`, `created_at`, `updated_at`) VALUES (\'jin\', NULL, \'$2y$10$x1YgAc5usQE16As7W5Cw9.bJ4Wyu4/cxwF09VBYBbAxPEYEbBDvIy\', \'04126980234\', \'https://www.google.com/maps?q=10.6092993,-66.8508968&z=17&hl=es\', \'2026-02-08 12:34:23\', \'2026-02-08 12:34:23\')')
 3 SYSTEMPATH\Database\BaseConnection.php(646): CodeIgniter\Database\BaseConnection->simpleQuery('INSERT INTO `users` (`name`, `email`, `password_hash`, `phone`, `address`, `created_at`, `updated_at`) VALUES (\'jin\', NULL, \'$2y$10$x1YgAc5usQE16As7W5Cw9.bJ4Wyu4/cxwF09VBYBbAxPEYEbBDvIy\', \'04126980234\', \'https://www.google.com/maps?q=10.6092993,-66.8508968&z=17&hl=es\', \'2026-02-08 12:34:23\', \'2026-02-08 12:34:23\')')
 4 SYSTEMPATH\Database\BaseBuilder.php(2345): CodeIgniter\Database\BaseConnection->query('INSERT INTO `users` (`name`, `email`, `password_hash`, `phone`, `address`, `created_at`, `updated_at`) VALUES (:name:, :email:, :password_hash:, :phone:, :address:, :created_at:, :updated_at:)', [...], false)
 5 SYSTEMPATH\Model.php(394): CodeIgniter\Database\BaseBuilder->insert()
 6 SYSTEMPATH\BaseModel.php(838): CodeIgniter\Model->doInsert([...])
 7 SYSTEMPATH\Model.php(797): CodeIgniter\BaseModel->insert([...], false)
 8 SYSTEMPATH\BaseModel.php(751): CodeIgniter\Model->insert([...], false)
 9 APPPATH\Controllers\User.php(151): CodeIgniter\BaseModel->save([...])
10 SYSTEMPATH\CodeIgniter.php(933): App\Controllers\User->create()
11 SYSTEMPATH\CodeIgniter.php(507): CodeIgniter\CodeIgniter->runController(Object(App\Controllers\User))
12 SYSTEMPATH\CodeIgniter.php(354): CodeIgniter\CodeIgniter->handleRequest(null, Object(Config\Cache), false)
13 SYSTEMPATH\Boot.php(363): CodeIgniter\CodeIgniter->run()
14 SYSTEMPATH\Boot.php(68): CodeIgniter\Boot::runCodeIgniter(Object(CodeIgniter\CodeIgniter))
15 FCPATH\index.php(59): CodeIgniter\Boot::bootWeb(Object(Config\Paths))
